  stdafx.cpp
c:\users\y\desktop\map_8.4.2()\base_3d\textdraw.h(24): warning C4244: '인수': 'double'에서 'FLOAT'(으)로 변환하면서 데이터가 손실될 수 있습니다.
  progressBar.cpp
c:\users\y\desktop\map_8.4.2()\base_3d\progressbar.cpp(100): warning C4244: '인수': 'LONG'에서 'FLOAT'(으)로 변환하면서 데이터가 손실될 수 있습니다.
  main.cpp
c:\users\y\desktop\map_8.4.2()\base_3d\main.cpp(20): warning C4302: '형식 캐스팅': 'LPWSTR'에서 'WORD'(으)로 잘립니다.
c:\users\y\desktop\map_8.4.2()\base_3d\main.cpp(26): warning C4302: '형식 캐스팅': 'LPWSTR'에서 'WORD'(으)로 잘립니다.
  image.cpp
  UI_Text.cpp
  UI_Quest.cpp
  UI_Manger.cpp
  UI_Image.cpp
  UI_Functions.cpp
  UI_Button.cpp
  UI_Base.cpp
  Tree.cpp
c:\users\y\desktop\map_8.4.2()\base_3d\tree.cpp(51): warning C4305: '*=': 'double'에서 'float'(으)로 잘립니다.
c:\users\y\desktop\map_8.4.2()\base_3d\tree.cpp(52): warning C4305: '*=': 'double'에서 'float'(으)로 잘립니다.
c:\users\y\desktop\map_8.4.2()\base_3d\tree.cpp(53): warning C4305: '*=': 'double'에서 'float'(으)로 잘립니다.
c:\users\y\desktop\map_8.4.2()\base_3d\tree.cpp(54): warning C4305: '*=': 'double'에서 'float'(으)로 잘립니다.
  TextureManager.cpp
  TextDraw.cpp
  SkyBox.cpp
  SkinnedMeshManager.cpp
  SkinnedMesh.cpp
  SkinnedCharacter.cpp
c:\users\y\desktop\map_8.4.2()\base_3d\skinnedcharacter.cpp(36): warning C4244: '인수': 'int'에서 'float'(으)로 변환하면서 데이터가 손실될 수 있습니다.
  Rocks_save.cpp
  Rock_location.cpp
  RandomUtil.cpp
  코드를 생성하고 있습니다...
  컴파일하고 있습니다...
  Quest.cpp
  QuadTree.cpp
  Pyramid.cpp
  Player.cpp
c:\users\y\desktop\map_8.4.2()\base_3d\player.cpp(260): warning C4554: '&': 연산자 우선 순위에 오류가 있는지 확인하십시오. 괄호를 사용하여 우선 순위를 명확하게 지정하십시오.
c:\users\y\desktop\map_8.4.2()\base_3d\player.cpp(385): warning C4244: '초기화 중': 'double'에서 'float'(으)로 변환하면서 데이터가 손실될 수 있습니다.
c:\users\y\desktop\map_8.4.2()\base_3d\player.cpp(457): warning C4244: '인수': 'double'에서 'FLOAT'(으)로 변환하면서 데이터가 손실될 수 있습니다.
c:\users\y\desktop\map_8.4.2()\base_3d\player.cpp(479): warning C4244: '인수': 'double'에서 'FLOAT'(으)로 변환하면서 데이터가 손실될 수 있습니다.
c:\users\y\desktop\map_8.4.2()\base_3d\player.cpp(530): warning C4244: '=': 'double'에서 'float'(으)로 변환하면서 데이터가 손실될 수 있습니다.
c:\users\y\desktop\map_8.4.2()\base_3d\player.cpp(615): warning C4244: '초기화 중': 'double'에서 'float'(으)로 변환하면서 데이터가 손실될 수 있습니다.
  PlantTree.cpp
  ObjLoader.cpp
  ObjFileGroup.cpp
  Obj.cpp
  Monster.cpp
  Minion.cpp
c:\users\y\desktop\map_8.4.2()\base_3d\minion.cpp(64): warning C4244: '초기화 중': 'double'에서 'float'(으)로 변환하면서 데이터가 손실될 수 있습니다.
c:\users\y\desktop\map_8.4.2()\base_3d\minion.cpp(165): warning C4244: '인수': 'const float'에서 'int'(으)로 변환하면서 데이터가 손실될 수 있습니다.
c:\users\y\desktop\map_8.4.2()\base_3d\minion.cpp(259): warning C4244: '초기화 중': 'double'에서 'float'(으)로 변환하면서 데이터가 손실될 수 있습니다.
  HeightMap.cpp
c:\users\y\desktop\map_8.4.2()\base_3d\heightmap.cpp(241): warning C4806: '&': 안전하지 않은 연산입니다. 'bool' 형식의 값('long' 형식으로 확장)이 주어진 상수와 같을 수 없습니다.
c:\users\y\desktop\map_8.4.2()\base_3d\heightmap.cpp(241): warning C4554: '&': 연산자 우선 순위에 오류가 있는지 확인하십시오. 괄호를 사용하여 우선 순위를 명확하게 지정하십시오.
  Grid.cpp
  GameState_SkyBox.cpp
  GameState_HeightMap.cpp
c:\users\y\desktop\map_8.4.2()\base_3d\gamestate_heightmap.cpp(207): warning C4018: '>': signed 또는 unsigned가 일치하지 않습니다.
c:\users\y\desktop\map_8.4.2()\base_3d\gamestate_heightmap.cpp(241): warning C4838: 'double'에서 'LONG'(으)로의 변환에는 축소 변환이 필요합니다.
c:\users\y\desktop\map_8.4.2()\base_3d\gamestate_heightmap.cpp(241): warning C4244: '초기화 중': 'double'에서 'LONG'(으)로 변환하면서 데이터가 손실될 수 있습니다.
  GameStateManager.cpp
  GameObject.cpp
  GameManager.cpp
  FrustumCulling.cpp
  Dijkstra.cpp
  Collision.cpp
  코드를 생성하고 있습니다...
  컴파일하고 있습니다...
  Collider_Sphere.cpp
  Collider_Box.cpp
  ChracterStatusBar.cpp
  Camera.cpp
  Button.cpp
  Boss.cpp
c:\users\y\desktop\map_8.4.2()\base_3d\boss.cpp(102): warning C4244: '인수': 'const float'에서 'int'(으)로 변환하면서 데이터가 손실될 수 있습니다.
c:\users\y\desktop\map_8.4.2()\base_3d\boss.cpp(191): warning C4244: '초기화 중': 'double'에서 'float'(으)로 변환하면서 데이터가 손실될 수 있습니다.
  AseLoader.cpp
  AseFrame.cpp
  AllocateHierarchy.cpp
  AIController.cpp
  코드를 생성하고 있습니다...
  Base_3D.vcxproj -> C:\Users\Y\Desktop\map_8.4.2()\Debug\Base_3D.exe
